<?xml version="1.0" encoding="UTF-8"?>
<!-- Generated by org.testng.reporters.JUnitReportReporter -->
<testsuite hostname="LP004038" failures="0" tests="6" name="api.test.DataDrivenTests" time="2.500" errors="0" timestamp="2023-04-17T21:09:35 CDT" skipped="0">
  <testcase classname="api.test.DataDrivenTests" name="testPostUser" time="1.518"/>
  <system-out/>
  <testcase classname="api.test.DataDrivenTests" name="testPostUser" time="0.180"/>
  <system-out/>
  <testcase classname="api.test.DataDrivenTests" name="testPostUser" time="0.197"/>
  <system-out/>
  <testcase classname="api.test.DataDrivenTests" name="testDeleteUserByUserName" time="0.213"/>
  <system-out/>
  <testcase classname="api.test.DataDrivenTests" name="testDeleteUserByUserName" time="0.201"/>
  <system-out/>
  <testcase classname="api.test.DataDrivenTests" name="testDeleteUserByUserName" time="0.191"/>
  <system-out/>
</testsuite> <!-- api.test.DataDrivenTests -->
