<?xml version="1.0" encoding="UTF-8"?>
<!-- Generated by org.testng.reporters.JUnitReportReporter -->
<testsuite hostname="LP004038" failures="0" tests="4" name="api.test.UserTests" time="2.701" errors="0" timestamp="2023-04-17T16:23:45 CDT" skipped="0">
  <testcase classname="api.test.UserTests" name="testPostUser" time="1.777"/>
  <system-out/>
  <testcase classname="api.test.UserTests" name="testGetUser" time="0.258"/>
  <system-out/>
  <testcase classname="api.test.UserTests" name="testUpdateUser" time="0.470"/>
  <system-out/>
  <testcase classname="api.test.UserTests" name="testDeleteUser" time="0.196"/>
  <system-out/>
</testsuite> <!-- api.test.UserTests -->
