<?xml version="1.0" encoding="UTF-8"?>
<!-- Generated by org.testng.reporters.JUnitReportReporter -->
<testsuite hostname="LP004038" failures="0" tests="4" name="api.test.UserTests2" time="2.753" errors="0" timestamp="2023-04-17T21:19:40 CDT" skipped="0">
  <testcase classname="api.test.UserTests2" name="testPostUser" time="1.791"/>
  <system-out/>
  <testcase classname="api.test.UserTests2" name="testGetUser" time="0.231"/>
  <system-out/>
  <testcase classname="api.test.UserTests2" name="testUpdateUser" time="0.489"/>
  <system-out/>
  <testcase classname="api.test.UserTests2" name="testDeleteUser" time="0.242"/>
  <system-out/>
</testsuite> <!-- api.test.UserTests2 -->
