<?xml version="1.0" encoding="UTF-8"?>
<!-- Generated by org.testng.reporters.JUnitReportReporter -->
<testsuite hostname="LP004038" failures="0" tests="4" name="api.test.UserTests" time="1.200" errors="0" timestamp="2023-04-18T13:49:43 CDT" skipped="0">
  <testcase classname="api.test.UserTests" name="testPostUser" time="0.322"/>
  <system-out/>
  <testcase classname="api.test.UserTests" name="testGetUser" time="0.220"/>
  <system-out/>
  <testcase classname="api.test.UserTests" name="testUpdateUser" time="0.441"/>
  <system-out/>
  <testcase classname="api.test.UserTests" name="testDeleteUser" time="0.217"/>
  <system-out/>
</testsuite> <!-- api.test.UserTests -->
