<?xml version="1.0" encoding="UTF-8"?>
<!-- Generated by org.testng.reporters.JUnitReportReporter -->
<testsuite hostname="LP004038" failures="0" tests="6" name="api.test.DataDrivenTests" time="3.012" errors="0" timestamp="2023-04-18T13:49:43 CDT" skipped="0">
  <testcase classname="api.test.DataDrivenTests" name="testPostUser" time="1.853"/>
  <system-out/>
  <testcase classname="api.test.DataDrivenTests" name="testPostUser" time="0.240"/>
  <system-out/>
  <testcase classname="api.test.DataDrivenTests" name="testPostUser" time="0.207"/>
  <system-out/>
  <testcase classname="api.test.DataDrivenTests" name="testDeleteUserByUserName" time="0.239"/>
  <system-out/>
  <testcase classname="api.test.DataDrivenTests" name="testDeleteUserByUserName" time="0.202"/>
  <system-out/>
  <testcase classname="api.test.DataDrivenTests" name="testDeleteUserByUserName" time="0.271"/>
  <system-out/>
</testsuite> <!-- api.test.DataDrivenTests -->
