<?xml version="1.0" encoding="UTF-8"?>
<!-- Generated by org.testng.reporters.JUnitReportReporter -->
<testsuite hostname="LP004038" failures="0" tests="4" name="api.test.UserTests2" time="1.144" errors="0" timestamp="2023-04-18T13:49:43 CDT" skipped="0">
  <testcase classname="api.test.UserTests2" name="testPostUser" time="0.248"/>
  <system-out/>
  <testcase classname="api.test.UserTests2" name="testGetUser" time="0.213"/>
  <system-out/>
  <testcase classname="api.test.UserTests2" name="testUpdateUser" time="0.440"/>
  <system-out/>
  <testcase classname="api.test.UserTests2" name="testDeleteUser" time="0.243"/>
  <system-out/>
</testsuite> <!-- api.test.UserTests2 -->
